<?xml version="1.0" encoding="UTF-8"?>
<testsuite xmlns:xsi="http://www.w3.org/2001/XMLSchema-instance" xsi:noNamespaceSchemaLocation="https://maven.apache.org/surefire/maven-surefire-plugin/xsd/surefire-test-report.xsd" name="com.martyx.junit.UtilsTest" time="0.024" tests="8" errors="0" skipped="0" failures="0">
  <properties>
[...]
</properties>
  <testcase name="suma141PlusDanJe169Cela2" classname="com.martyx.junit.UtilsTest" time="0.016"/>
  <testcase name="sumIs2" classname="com.martyx.junit.UtilsTest" time="0"/>
  <testcase name="suma10PlusDanNieJe100" classname="com.martyx.junit.UtilsTest" time="0.001"/>
  <testcase name="obsahTrojuholnikaJe3priDlzkeStrany2AVyskaNaStranu3" classname="com.martyx.junit.UtilsTest" time="0"/>
  <testcase name="failedtest" classname="com.martyx.junit.UtilsTest" time="0"/>
  <testcase name="suma100PlusDanJe120" classname="com.martyx.junit.UtilsTest" time="0.001"/>
  <testcase name="passedTest" classname="com.martyx.junit.UtilsTest" time="0.001"/>
  <testcase name="obsahTrojuholnikaJe10priDlzkeStrany4AVyskaNaStranu5" classname="com.martyx.junit.UtilsTest" time="0"/>
</testsuite>